<?xml version="1.0" encoding="UTF-8"?>
<!-- Generated by org.testng.reporters.JUnitReportReporter -->
<testsuite skipped="0" hostname="DELL" name="A1_GoogleScreenshot" tests="1" failures="0" timestamp="04 May 2022 01:12:09 GMT" time="40.806" errors="0">
  <testcase name="testGoogle" time="40.806" classname="A1_GoogleScreenshot"/>
</testsuite> <!-- A1_GoogleScreenshot -->
