<?xml version="1.0" encoding="UTF-8"?>
<!-- Generated by org.testng.reporters.JUnitReportReporter -->
<testsuite skipped="0" hostname="DELL" name="A1_GoogleScreenshot" tests="1" failures="0" timestamp="29 Apr 2022 09:03:03 GMT" time="74.131" errors="0">
  <testcase name="testGoogle" time="74.131" classname="A1_GoogleScreenshot"/>
</testsuite> <!-- A1_GoogleScreenshot -->
