<?xml version="1.0" encoding="UTF-8"?>
<!-- Generated by org.testng.reporters.JUnitReportReporter -->
<testsuite skipped="0" hostname="DELL" name="bingPackage.A1_BingScreenshot" tests="1" failures="0" timestamp="29 Apr 2022 10:15:19 GMT" time="10.660" errors="0">
  <testcase name="testGoogle" time="10.660" classname="bingPackage.A1_BingScreenshot"/>
</testsuite> <!-- bingPackage.A1_BingScreenshot -->
